=== Git Status Check - Sun Feb  8 02:25:34 EST 2026 ===

=== workspace ===

  ✅ Clean

✅ All projects are clean
=== Git Status Check - Sun Feb  8 03:24:47 EST 2026 ===

=== workspace ===

  ✅ Clean

✅ All projects are clean
=== Git Status Check - Sun Feb  8 04:24:53 EST 2026 ===

=== workspace ===

  ✅ Clean

✅ All projects are clean
=== Git Status Check - Sun Feb  8 04:54:39 EST 2026 ===

=== workspace ===

  ✅ Clean

✅ All projects are clean
=== Git Status Check - Sun Feb  8 05:24:35 EST 2026 ===

=== workspace ===

  ✅ Clean

✅ All projects are clean
=== Git Status Check - Sun Feb  8 05:54:36 EST 2026 ===

=== workspace ===

  ✅ Clean

✅ All projects are clean
=== Git Status Check - Sun Feb  8 06:24:48 EST 2026 ===

=== workspace ===

  ✅ Clean

✅ All projects are clean
=== Git Status Check - Sun Feb  8 06:46:08 EST 2026 ===

=== workspace ===

  ✅ Clean

✅ All projects are clean
=== Git Status Check - Sun Feb  8 07:45:43 EST 2026 ===

=== workspace ===
?? islamorada-itinerary-feb2026.csv
  ⚠️ Issues detected:
    - Uncommitted changes

⚠️ Git issues detected in one or more projects
=== Git Status Check - Sun Feb  8 08:15:48 EST 2026 ===

=== workspace ===
?? islamorada-itinerary-feb2026.csv
  ⚠️ Issues detected:
    - Uncommitted changes

⚠️ Git issues detected in one or more projects
=== Git Status Check - Sun Feb  8 09:20:39 EST 2026 ===

=== workspace ===
?? .update-recap-message.txt
?? .update-status.json
?? HEARTBEAT.md
?? IDENTITY.md
?? MEMORY.md
?? SETUP-GUIDE.md
?? SOUL.md
?? SSH-PUBLIC-KEY.txt
?? TOOLS.md
?? USER.md
?? activepieces-setup/
?? config/
?? data/tasks.json.corrupted
?? data/tasks.json.github
?? logs/
?? memory/
?? pi5-headless-setup.sh
?? skills/marketing-skills/.clawdhub/
?? skills/mission-control/.clawhub/
?? status.json
?? virtual-display-setup.sh
  ⚠️ Issues detected:
    - Uncommitted changes

⚠️ Git issues detected in one or more projects
=== Git Status Check - Sun Feb  8 10:21:06 EST 2026 ===

=== workspace ===
?? .update-recap-message.txt
?? .update-status.json
?? HEARTBEAT.md
?? IDENTITY.md
?? MEMORY.md
?? SETUP-GUIDE.md
?? SOUL.md
?? SSH-PUBLIC-KEY.txt
?? TOOLS.md
?? USER.md
?? activepieces-setup/
?? config/
?? data/tasks.json.corrupted
?? data/tasks.json.github
?? logs/
?? memory/
?? pi5-headless-setup.sh
?? skills/marketing-skills/.clawdhub/
?? skills/mission-control/.clawhub/
?? status.json
?? virtual-display-setup.sh
  ⚠️ Issues detected:
    - Uncommitted changes

⚠️ Git issues detected in one or more projects
=== Git Status Check - Sun Feb  8 10:50:28 EST 2026 ===

=== workspace ===
?? .update-recap-message.txt
?? .update-status.json
?? HEARTBEAT.md
?? IDENTITY.md
?? MEMORY.md
?? SETUP-GUIDE.md
?? SOUL.md
?? SSH-PUBLIC-KEY.txt
?? TOOLS.md
?? USER.md
?? activepieces-setup/
?? config/
?? data/tasks.json.corrupted
?? data/tasks.json.github
?? logs/
?? memory/
?? pi5-headless-setup.sh
?? skills/marketing-skills/.clawdhub/
?? skills/mission-control/.clawhub/
?? status.json
?? virtual-display-setup.sh
  ⚠️ Issues detected:
    - Uncommitted changes

⚠️ Git issues detected in one or more projects
=== Git Status Check - Sun Feb  8 12:50:35 EST 2026 ===

=== workspace ===
 M scripts/daily-task-extractor.sh
?? .update-recap-message.txt
?? .update-status.json
?? HEARTBEAT.md
?? IDENTITY.md
?? MEMORY.md
?? SETUP-GUIDE.md
?? SOUL.md
?? SSH-PUBLIC-KEY.txt
?? TOOLS.md
?? USER.md
?? activepieces-setup/
?? config/
?? data/tasks.json.corrupted
?? data/tasks.json.github
?? logs/
?? memory/
?? pi5-headless-setup.sh
?? skills/marketing-skills/.clawdhub/
?? skills/mission-control/.clawhub/
?? status.json
?? virtual-display-setup.sh
  ⚠️ Issues detected:
    - Uncommitted changes

⚠️ Git issues detected in one or more projects
=== Git Status Check - Sun Feb  8 14:48:42 EST 2026 ===

=== workspace ===
?? .update-recap-message.txt
?? .update-status.json
?? HEARTBEAT.md
?? IDENTITY.md
?? MEMORY.md
?? SETUP-GUIDE.md
?? SOUL.md
?? SSH-PUBLIC-KEY.txt
?? TOOLS.md
?? USER.md
?? activepieces-setup/
?? config/
?? data/tasks.json.corrupted
?? data/tasks.json.github
?? logs/
?? memory/
?? pi5-headless-setup.sh
?? skills/marketing-skills/.clawdhub/
?? skills/mission-control/.clawhub/
?? status.json
?? virtual-display-setup.sh
  ⚠️ Issues detected:
    - Uncommitted changes

⚠️ Git issues detected in one or more projects
=== Git Status Check - Sun Feb  8 16:18:16 EST 2026 ===

=== workspace ===
?? .update-recap-message.txt
?? .update-status.json
?? HEARTBEAT.md
?? IDENTITY.md
?? MEMORY.md
?? SETUP-GUIDE.md
?? SOUL.md
?? SSH-PUBLIC-KEY.txt
?? TOOLS.md
?? USER.md
?? activepieces-setup/
?? config/
?? data/tasks.json.corrupted
?? data/tasks.json.github
?? logs/
?? memory/
?? pi5-headless-setup.sh
?? skills/knowledge-graph/
?? skills/marketing-skills/.clawdhub/
?? skills/mission-control/.clawhub/
?? skills/proactive-intel/
?? status.json
?? virtual-display-setup.sh
  ⚠️ Issues detected:
    - Uncommitted changes

⚠️ Git issues detected in one or more projects
=== Git Status Check - Sun Feb  8 20:26:19 EST 2026 ===

=== Git Status Check - Sun Feb  8 20:26:50 EST 2026 ===


⚠️ Git issues detected:
    - Uncommitted changes found
=== Git Status Check - Sun Feb  8 20:27:42 EST 2026 ===


✅ All projects are clean
=== Git Status Check - Sun Feb  8 20:28:14 EST 2026 ===


✅ All projects are clean
=== Git Status Check - Sun Feb  8 20:37:39 EST 2026 ===


✅ All projects are clean
=== Git Status Check - Sun Feb  8 21:01:44 EST 2026 ===


✅ All projects are clean
