=== Git Status Check - Sat Feb  7 05:48:21 EST 2026 ===

=== workspace ===
 D MEMORY.md.tmp
 M data/crons.json
  ⚠️ Issues detected:
    - Uncommitted changes

⚠️ Git issues detected in one or more projects
=== Git Status Check - Sat Feb  7 06:18:21 EST 2026 ===

=== workspace ===

  ✅ Clean

✅ All projects are clean
=== Git Status Check - Sat Feb  7 06:48:22 EST 2026 ===

=== workspace ===

  ✅ Clean

✅ All projects are clean
=== Git Status Check - Sat Feb  7 07:18:20 EST 2026 ===

=== workspace ===

  ✅ Clean

✅ All projects are clean
=== Git Status Check - Sat Feb  7 07:48:30 EST 2026 ===

=== workspace ===

  ✅ Clean

✅ All projects are clean
=== Git Status Check - Sat Feb  7 08:19:08 EST 2026 ===

=== workspace ===

  ✅ Clean

✅ All projects are clean
=== Git Status Check - Sat Feb  7 08:48:45 EST 2026 ===

=== workspace ===

  ✅ Clean

✅ All projects are clean
=== Git Status Check - Sat Feb  7 09:18:22 EST 2026 ===

=== workspace ===

  ✅ Clean

✅ All projects are clean
=== Git Status Check - Sat Feb  7 09:48:32 EST 2026 ===

=== workspace ===

  ✅ Clean

✅ All projects are clean
=== Git Status Check - Sat Feb  7 10:19:38 EST 2026 ===

=== workspace ===

  ✅ Clean

✅ All projects are clean
=== Git Status Check - Sat Feb  7 10:49:21 EST 2026 ===

=== workspace ===

  ✅ Clean

✅ All projects are clean
=== Git Status Check - Sat Feb  7 11:18:30 EST 2026 ===

=== workspace ===

  ✅ Clean

✅ All projects are clean
=== Git Status Check - Sat Feb  7 11:48:39 EST 2026 ===

=== workspace ===

  ✅ Clean

✅ All projects are clean
=== Git Status Check - Sat Feb  7 12:18:31 EST 2026 ===

=== workspace ===

  ✅ Clean

✅ All projects are clean
=== Git Status Check - Sat Feb  7 12:48:56 EST 2026 ===

=== workspace ===

  ✅ Clean

✅ All projects are clean
=== Git Status Check - Sat Feb  7 13:18:37 EST 2026 ===

=== workspace ===

  ✅ Clean

✅ All projects are clean
=== Git Status Check - Sat Feb  7 13:48:36 EST 2026 ===

=== workspace ===

  ✅ Clean

✅ All projects are clean
=== Git Status Check - Sat Feb  7 14:18:32 EST 2026 ===

=== workspace ===

  ✅ Clean

✅ All projects are clean
=== Git Status Check - Sat Feb  7 14:48:57 EST 2026 ===

=== workspace ===

  ✅ Clean

✅ All projects are clean
=== Git Status Check - Sat Feb  7 15:18:37 EST 2026 ===

=== workspace ===

  ✅ Clean

✅ All projects are clean
=== Git Status Check - Sat Feb  7 15:49:00 EST 2026 ===

=== workspace ===

  ✅ Clean

✅ All projects are clean
=== Git Status Check - Sat Feb  7 16:18:23 EST 2026 ===

=== workspace ===

  ✅ Clean

✅ All projects are clean
=== Git Status Check - Sat Feb  7 16:48:49 EST 2026 ===

=== workspace ===

  ✅ Clean

✅ All projects are clean
=== Git Status Check - Sat Feb  7 17:18:41 EST 2026 ===

=== workspace ===

  ✅ Clean

✅ All projects are clean
=== Git Status Check - Sat Feb  7 17:48:22 EST 2026 ===

=== workspace ===

  ✅ Clean

✅ All projects are clean
=== Git Status Check - Sat Feb  7 18:18:29 EST 2026 ===

=== workspace ===

  ✅ Clean

✅ All projects are clean
=== Git Status Check - Sat Feb  7 18:49:19 EST 2026 ===

=== workspace ===

  ✅ Clean

✅ All projects are clean
=== Git Status Check - Sat Feb  7 19:18:27 EST 2026 ===

=== workspace ===

  ✅ Clean

✅ All projects are clean
=== Git Status Check - Sat Feb  7 19:48:44 EST 2026 ===

=== workspace ===

  ✅ Clean

✅ All projects are clean
=== Git Status Check - Sat Feb  7 20:43:37 EST 2026 ===

=== workspace ===
 M .gitignore
?? .pinned-sessions
?? scripts/
?? skills/mission-control/scripts/
  ⚠️ Issues detected:
    - Uncommitted changes

⚠️ Git issues detected in one or more projects
=== Git Status Check - Sat Feb  7 20:48:57 EST 2026 ===

=== workspace ===
 M .gitignore
 M data/tasks.backup.json
?? .pinned-sessions
?? scripts/
?? skills/mission-control/scripts/
  ⚠️ Issues detected:
    - Uncommitted changes

⚠️ Git issues detected in one or more projects
=== Git Status Check - Sat Feb  7 20:54:56 EST 2026 ===

=== workspace ===
 M .gitignore
 M data/tasks.backup.json
?? .pinned-sessions
?? scripts/
?? skills/mission-control/scripts/
  ⚠️ Issues detected:
    - Uncommitted changes

⚠️ Git issues detected in one or more projects
=== Git Status Check - Sat Feb  7 21:25:01 EST 2026 ===

=== workspace ===
 M .gitignore
 M data/tasks.backup.json
?? .pinned-sessions
?? scripts/
?? skills/mission-control/scripts/
  ⚠️ Issues detected:
    - Uncommitted changes

⚠️ Git issues detected in one or more projects
=== Git Status Check - Sat Feb  7 22:55:12 EST 2026 ===

=== workspace ===

  ✅ Clean

✅ All projects are clean
=== Git Status Check - Sat Feb  7 23:25:53 EST 2026 ===

=== workspace ===

  ✅ Clean

✅ All projects are clean
