=== Daily Task Extraction - Tue Feb 10 08:27:35 EST 2026 ===
Time range: 2026-02-10T00:00:00 to 2026-02-11T23:59:59 (36 hours)
Step 1: Fetching Google Calendar events...
Calendar fetch successful
Step 2: Fetching emails with task keywords...
Email fetch successful
Step 3: Processing extracted items...
Found 2 tasks to add
=== Daily Task Extraction - Tue Feb 10 08:31:41 EST 2026 ===
Time range: 2026-02-10T00:00:00 to 2026-02-11T23:59:59 (36 hours)
Step 1: Fetching Google Calendar events...
Calendar fetch successful
Step 2: Fetching emails with task keywords...
Email fetch successful
Step 3: Processing extracted items...
Found 2 tasks to add
=== Daily Task Extraction - Tue Feb 10 08:33:53 EST 2026 ===
Time range: 2026-02-10T00:00:00 to 2026-02-11T23:59:59 (36 hours)
Step 1: Fetching Google Calendar events...
Calendar fetch successful
Step 2: Fetching emails with task keywords...
Email fetch successful
Step 3: Processing extracted items...
Found 2 tasks to add
=== Daily Task Extraction - Tue Feb 10 08:35:50 EST 2026 ===
Time range: 2026-02-10T00:00:00 to 2026-02-11T23:59:59 (36 hours)
Step 1: Fetching Google Calendar events...
Calendar fetch successful
Step 2: Fetching emails with task keywords...
Email fetch successful
Step 3: Processing extracted items...
Found 2 tasks to add
Step 4: Writing to tasks file...
Step 5: Committing to git...
[master 620c0db] Auto: Extracted 2 tasks from calendar & email (2026-02-10T00:00:00)
 1 file changed, 76 insertions(+), 36 deletions(-)
To https://github.com/mccargo21/mccargo-pi5-mission-control.git
   4cf55ff..620c0db  master -> master
Step 6: Generating daily briefing...
=== Daily Task Extraction - Tue Feb 10 08:36:36 EST 2026 ===
Time range: 2026-02-10T00:00:00 to 2026-02-11T23:59:59 (36 hours)
Step 1: Fetching Google Calendar events...
Calendar fetch successful
Step 2: Fetching emails with task keywords...
Email fetch successful
Step 3: Processing extracted items...
Found 2 tasks to add
Step 4: Writing to tasks file...
Step 5: Committing to git...
[master 17761cc] Auto: Extracted 2 tasks from calendar & email (2026-02-10T00:00:00)
 1 file changed, 75 insertions(+), 1 deletion(-)
To https://github.com/mccargo21/mccargo-pi5-mission-control.git
   620c0db..17761cc  master -> master
Step 6: Generating daily briefing...
Step 7: Adding briefing task to final JSON...
[master 2d1acfa] Auto: Added daily briefing task (briefing_1770730609)
 1 file changed, 22 insertions(+)
To https://github.com/mccargo21/mccargo-pi5-mission-control.git
   17761cc..2d1acfa  master -> master
✓ Tasks extracted and pushed successfully (2 tasks)
=== Extraction complete ===
